#
# There is insufficient memory for the Java Runtime Environment to continue.
# Native memory allocation (malloc) failed to allocate 1219056 bytes. Error detail: Chunk::new
# Possible reasons:
#   The system is out of physical RAM or swap space
#   This process is running with CompressedOops enabled, and the Java Heap may be blocking the growth of the native heap
# Possible solutions:
#   Reduce memory load on the system
#   Increase physical memory or swap space
#   Check if swap backing store is full
#   Decrease Java heap size (-Xmx/-Xms)
#   Decrease number of Java threads
#   Decrease Java thread stack sizes (-Xss)
#   Set larger code cache with -XX:ReservedCodeCacheSize=
#   JVM is running with Unscaled Compressed Oops mode in which the Java heap is
#     placed in the first 4GB address space. The Java Heap base address is the
#     maximum limit for the native heap growth. Please use -XX:HeapBaseMinAddress
#     to set the Java Heap base and to place the Java Heap above 4GB virtual address.
# This output file may be truncated or incomplete.
#
#  Out of Memory Error (arena.cpp:168), pid=2868, tid=12372
#
# JRE version: OpenJDK Runtime Environment Temurin-21.0.9+10 (21.0.9+10) (build 21.0.9+10-LTS)
# Java VM: OpenJDK 64-Bit Server VM Temurin-21.0.9+10 (21.0.9+10-LTS, mixed mode, sharing, tiered, compressed oops, compressed class ptrs, parallel gc, windows-amd64)
# No core dump will be written. Minidumps are not enabled by default on client versions of Windows
#

---------------  S U M M A R Y ------------

Command Line: --add-modules=ALL-SYSTEM --add-opens=java.base/java.util=ALL-UNNAMED --add-opens=java.base/java.lang=ALL-UNNAMED --add-opens=java.base/sun.nio.fs=ALL-UNNAMED -Declipse.application=org.eclipse.jdt.ls.core.id1 -Dosgi.bundles.defaultStartLevel=4 -Declipse.product=org.eclipse.jdt.ls.core.product -Djava.import.generatesMetadataFilesAtProjectRoot=false -DDetectVMInstallationsJob.disabled=true -Dfile.encoding=utf8 -XX:+UseParallelGC -XX:GCTimeRatio=4 -XX:AdaptiveSizePolicyWeight=90 -Dsun.zip.disableMemoryMapping=true -Xmx2G -Xms100m -Xlog:disable -javaagent:c:\Users\nalla\.vscode\extensions\redhat.java-1.50.0-win32-x64\lombok\lombok-1.18.39-4050.jar -XX:+HeapDumpOnOutOfMemoryError -XX:HeapDumpPath=c:\Users\nalla\AppData\Roaming\Code\User\workspaceStorage\b890ca3a96134e0cfca389276a0e271c\redhat.java -Daether.dependencyCollector.impl=bf c:\Users\nalla\.vscode\extensions\redhat.java-1.50.0-win32-x64\server\plugins\org.eclipse.equinox.launcher_1.7.100.v20251111-0406.jar -configuration c:\Users\nalla\AppData\Roaming\Code\User\globalStorage\redhat.java\1.50.0\config_win -data c:\Users\nalla\AppData\Roaming\Code\User\workspaceStorage\b890ca3a96134e0cfca389276a0e271c\redhat.java\jdt_ws --pipe=\\.\pipe\lsp-c25921bea67146a3979c57802039178d-sock

Host: 11th Gen Intel(R) Core(TM) i5-1135G7 @ 2.40GHz, 8 cores, 7G,  Windows 11 , 64 bit Build 26100 (10.0.26100.7309)
Time: Mon Dec 22 17:17:06 2025 India Standard Time elapsed time: 3051.420318 seconds (0d 0h 50m 51s)

---------------  T H R E A D  ---------------

Current thread (0x00000213c2ecd190):  JavaThread "C2 CompilerThread0" daemon [_thread_in_native, id=12372, stack(0x0000005a7f600000,0x0000005a7f700000) (1024K)]


Current CompileTask:
C2:3051420 14917 % !   4       org.eclipse.jdt.internal.core.ClassFileInfo::generateMethodInfos @ 494 (750 bytes)

Stack: [0x0000005a7f600000,0x0000005a7f700000]
Native frames: (J=compiled Java code, j=interpreted, Vv=VM code, C=native code)
V  [jvm.dll+0x6d6e29]
V  [jvm.dll+0x8b4b76]
V  [jvm.dll+0x8b712e]
V  [jvm.dll+0x8b7813]
V  [jvm.dll+0x283d86]
V  [jvm.dll+0xc66ed]
V  [jvm.dll+0xc6c31]
V  [jvm.dll+0x2facee]
V  [jvm.dll+0x5fde44]
V  [jvm.dll+0x255557]
V  [jvm.dll+0x25591d]
V  [jvm.dll+0x24df40]
V  [jvm.dll+0x24b482]
V  [jvm.dll+0x1cb13e]
V  [jvm.dll+0x25b29d]
V  [jvm.dll+0x25982a]
V  [jvm.dll+0x3f7ea6]
V  [jvm.dll+0x85e9ad]
V  [jvm.dll+0x6d565d]
C  [ucrtbase.dll+0x37b0]
C  [KERNEL32.DLL+0x2e8d7]
C  [ntdll.dll+0x8c53c]


---------------  P R O C E S S  ---------------

Threads class SMR info:
_java_thread_list=0x0000021425565370, length=48, elements={
0x00000213c2f4b6d0, 0x00000213c3009eb0, 0x00000213c300d290, 0x00000213c2ec4ef0,
0x00000213c2ec5a40, 0x00000213c2ec85a0, 0x00000213c2ec8ff0, 0x00000213c2ecd190,
0x00000213c2ef9c90, 0x000002141c420b90, 0x000002141c6af220, 0x000002141c9f58c0,
0x000002141cd286a0, 0x000002141cb54750, 0x000002141c694ae0, 0x0000021421165db0,
0x000002141c4a9350, 0x000002141c97a0c0, 0x000002141c976c40, 0x000002141c978680,
0x000002141c979a30, 0x000002142360aff0, 0x000002142360bd10, 0x000002142360b680,
0x000002142360c3a0, 0x000002142360ca30, 0x000002142360d0c0, 0x000002142360e470,
0x000002142360d750, 0x0000021424bfd090, 0x0000021424bfafc0, 0x0000021424bfd720,
0x0000021424bfa2a0, 0x0000021424bff160, 0x0000021424640b80, 0x00000214246425c0,
0x0000021424644690, 0x0000021424bfe440, 0x0000021424bfc370, 0x0000021424bff7f0,
0x0000021424644000, 0x0000021424641210, 0x0000021424641f30, 0x00000214246432e0,
0x00000214246460d0, 0x0000021424642c50, 0x0000021424643970, 0x0000021424644d20
}

Java Threads: ( => current thread )
  0x00000213c2f4b6d0 JavaThread "main"                              [_thread_blocked, id=14024, stack(0x0000005a7ec00000,0x0000005a7ed00000) (1024K)]
  0x00000213c3009eb0 JavaThread "Reference Handler"          daemon [_thread_blocked, id=31052, stack(0x0000005a7f000000,0x0000005a7f100000) (1024K)]
  0x00000213c300d290 JavaThread "Finalizer"                  daemon [_thread_blocked, id=8544, stack(0x0000005a7f100000,0x0000005a7f200000) (1024K)]
  0x00000213c2ec4ef0 JavaThread "Signal Dispatcher"          daemon [_thread_blocked, id=10248, stack(0x0000005a7f200000,0x0000005a7f300000) (1024K)]
  0x00000213c2ec5a40 JavaThread "Attach Listener"            daemon [_thread_blocked, id=12388, stack(0x0000005a7f300000,0x0000005a7f400000) (1024K)]
  0x00000213c2ec85a0 JavaThread "Service Thread"             daemon [_thread_blocked, id=6660, stack(0x0000005a7f400000,0x0000005a7f500000) (1024K)]
  0x00000213c2ec8ff0 JavaThread "Monitor Deflation Thread"   daemon [_thread_blocked, id=9872, stack(0x0000005a7f500000,0x0000005a7f600000) (1024K)]
=>0x00000213c2ecd190 JavaThread "C2 CompilerThread0"         daemon [_thread_in_native, id=12372, stack(0x0000005a7f600000,0x0000005a7f700000) (1024K)]
  0x00000213c2ef9c90 JavaThread "C1 CompilerThread0"         daemon [_thread_blocked, id=6644, stack(0x0000005a7f700000,0x0000005a7f800000) (1024K)]
  0x000002141c420b90 JavaThread "Common-Cleaner"             daemon [_thread_blocked, id=14604, stack(0x0000005a7f900000,0x0000005a7fa00000) (1024K)]
  0x000002141c6af220 JavaThread "Notification Thread"        daemon [_thread_blocked, id=22212, stack(0x0000005a7fa00000,0x0000005a7fb00000) (1024K)]
  0x000002141c9f58c0 JavaThread "Active Thread: Equinox Container: 551df4a7-067b-4426-912b-8281ae2c34f4"        [_thread_blocked, id=25004, stack(0x0000005a00100000,0x0000005a00200000) (1024K)]
  0x000002141cd286a0 JavaThread "Refresh Thread: Equinox Container: 551df4a7-067b-4426-912b-8281ae2c34f4" daemon [_thread_blocked, id=1996, stack(0x0000005a00200000,0x0000005a00300000) (1024K)]
  0x000002141cb54750 JavaThread "Framework Event Dispatcher: Equinox Container: 551df4a7-067b-4426-912b-8281ae2c34f4" daemon [_thread_blocked, id=27688, stack(0x0000005a00400000,0x0000005a00500000) (1024K)]
  0x000002141c694ae0 JavaThread "Start Level: Equinox Container: 551df4a7-067b-4426-912b-8281ae2c34f4" daemon [_thread_blocked, id=19960, stack(0x0000005a00500000,0x0000005a00600000) (1024K)]
  0x0000021421165db0 JavaThread "Bundle File Closer"         daemon [_thread_blocked, id=496, stack(0x0000005a00600000,0x0000005a00700000) (1024K)]
  0x000002141c4a9350 JavaThread "SCR Component Actor"        daemon [_thread_blocked, id=14728, stack(0x0000005a00700000,0x0000005a00800000) (1024K)]
  0x000002141c97a0c0 JavaThread "Worker-JM"                         [_thread_blocked, id=8076, stack(0x0000005a00a00000,0x0000005a00b00000) (1024K)]
  0x000002141c976c40 JavaThread "JNA Cleaner"                daemon [_thread_blocked, id=23100, stack(0x0000005a00900000,0x0000005a00a00000) (1024K)]
  0x000002141c978680 JavaThread "Java indexing"              daemon [_thread_blocked, id=29800, stack(0x0000005a00d00000,0x0000005a00e00000) (1024K)]
  0x000002141c979a30 JavaThread "Thread-1"                   daemon [_thread_in_native, id=29840, stack(0x0000005a01300000,0x0000005a01400000) (1024K)]
  0x000002142360aff0 JavaThread "Thread-2"                   daemon [_thread_in_native, id=29648, stack(0x0000005a01400000,0x0000005a01500000) (1024K)]
  0x000002142360bd10 JavaThread "Thread-3"                   daemon [_thread_in_native, id=3892, stack(0x0000005a01500000,0x0000005a01600000) (1024K)]
  0x000002142360b680 JavaThread "Thread-4"                   daemon [_thread_in_native, id=11820, stack(0x0000005a01600000,0x0000005a01700000) (1024K)]
  0x000002142360c3a0 JavaThread "Thread-5"                   daemon [_thread_in_native, id=26824, stack(0x0000005a01700000,0x0000005a01800000) (1024K)]
  0x000002142360ca30 JavaThread "Thread-6"                   daemon [_thread_in_native, id=18120, stack(0x0000005a01800000,0x0000005a01900000) (1024K)]
  0x000002142360d0c0 JavaThread "Thread-7"                   daemon [_thread_in_native, id=4572, stack(0x0000005a01900000,0x0000005a01a00000) (1024K)]
  0x000002142360e470 JavaThread "Thread-8"                   daemon [_thread_in_native, id=1892, stack(0x0000005a01a00000,0x0000005a01b00000) (1024K)]
  0x000002142360d750 JavaThread "Thread-9"                   daemon [_thread_in_native, id=23416, stack(0x0000005a01b00000,0x0000005a01c00000) (1024K)]
  0x0000021424bfd090 JavaThread "pool-2-thread-1"                   [_thread_blocked, id=2132, stack(0x0000005a01d00000,0x0000005a01e00000) (1024K)]
  0x0000021424bfafc0 JavaThread "WorkspaceEventsHandler"            [_thread_blocked, id=20360, stack(0x0000005a01f00000,0x0000005a02000000) (1024K)]
  0x0000021424bfd720 JavaThread "pool-1-thread-1"                   [_thread_blocked, id=5092, stack(0x0000005a02000000,0x0000005a02100000) (1024K)]
  0x0000021424bfa2a0 JavaThread "ForkJoinPool.commonPool-worker-12" daemon [_thread_blocked, id=30408, stack(0x0000005a00800000,0x0000005a00900000) (1024K)]
  0x0000021424bff160 JavaThread "ForkJoinPool.commonPool-worker-15" daemon [_thread_blocked, id=15828, stack(0x0000005a01000000,0x0000005a01100000) (1024K)]
  0x0000021424640b80 JavaThread "Worker-7"                          [_thread_blocked, id=9744, stack(0x0000005a02c00000,0x0000005a02d00000) (1024K)]
  0x00000214246425c0 JavaThread "ForkJoinPool.commonPool-worker-17" daemon [_thread_blocked, id=26172, stack(0x0000005a02e00000,0x0000005a02f00000) (1024K)]
  0x0000021424644690 JavaThread "Cleaner-0"                  daemon [_thread_blocked, id=25516, stack(0x0000005a03000000,0x0000005a03100000) (1024K)]
  0x0000021424bfe440 JavaThread "Compiler Source File Reader" daemon [_thread_blocked, id=11780, stack(0x0000005a00c00000,0x0000005a00d00000) (1024K)]
  0x0000021424bfc370 JavaThread "ForkJoinPool.commonPool-worker-20" daemon [_thread_blocked, id=31028, stack(0x0000005a00f00000,0x0000005a01000000) (1024K)]
  0x0000021424bff7f0 JavaThread "ForkJoinPool.commonPool-worker-21" daemon [_thread_blocked, id=1784, stack(0x0000005a01100000,0x0000005a01200000) (1024K)]
  0x0000021424644000 JavaThread "Compiler Source File Reader" daemon [_thread_blocked, id=31644, stack(0x0000005a00e00000,0x0000005a00f00000) (1024K)]
  0x0000021424641210 JavaThread "Worker-12"                         [_thread_blocked, id=13320, stack(0x0000005a00b00000,0x0000005a00c00000) (1024K)]
  0x0000021424641f30 JavaThread "Worker-13"                         [_thread_blocked, id=10352, stack(0x0000005a01200000,0x0000005a01300000) (1024K)]
  0x00000214246432e0 JavaThread "ForkJoinPool.commonPool-worker-23" daemon [_thread_blocked, id=13536, stack(0x0000005a01c00000,0x0000005a01d00000) (1024K)]
  0x00000214246460d0 JavaThread "ForkJoinPool.commonPool-worker-24" daemon [_thread_blocked, id=17040, stack(0x0000005a01e00000,0x0000005a01f00000) (1024K)]
  0x0000021424642c50 JavaThread "Compiler Source File Reader" daemon [_thread_blocked, id=11536, stack(0x0000005a02100000,0x0000005a02200000) (1024K)]
  0x0000021424643970 JavaThread "Compiler Processing Task"   daemon [_thread_blocked, id=18252, stack(0x0000005a02200000,0x0000005a02300000) (1024K)]
  0x0000021424644d20 JavaThread "Compiler Source File Reader" daemon [_thread_blocked, id=25240, stack(0x0000005a02300000,0x0000005a02400000) (1024K)]
Total: 48

Other Threads:
  0x00000213c2fee9c0 VMThread "VM Thread"                           [id=31564, stack(0x0000005a7ef00000,0x0000005a7f000000) (1024K)]
  0x00000213c2fb9780 WatcherThread "VM Periodic Task Thread"        [id=11320, stack(0x0000005a7ee00000,0x0000005a7ef00000) (1024K)]
  0x00000213c2f69e20 WorkerThread "GC Thread#0"                     [id=26888, stack(0x0000005a7ed00000,0x0000005a7ee00000) (1024K)]
  0x000002141cabb8e0 WorkerThread "GC Thread#1"                     [id=21312, stack(0x0000005a7fb00000,0x0000005a7fc00000) (1024K)]
  0x000002141c813eb0 WorkerThread "GC Thread#2"                     [id=13500, stack(0x0000005a7fc00000,0x0000005a7fd00000) (1024K)]
  0x000002141c814250 WorkerThread "GC Thread#3"                     [id=20468, stack(0x0000005a7fd00000,0x0000005a7fe00000) (1024K)]
  0x000002141ca77d40 WorkerThread "GC Thread#4"                     [id=16220, stack(0x0000005a7fe00000,0x0000005a7ff00000) (1024K)]
  0x000002141ca780e0 WorkerThread "GC Thread#5"                     [id=8796, stack(0x0000005a7ff00000,0x0000005a80000000) (1024K)]
  0x000002141ca78480 WorkerThread "GC Thread#6"                     [id=28628, stack(0x0000005a00000000,0x0000005a00100000) (1024K)]
  0x000002141cd2b6d0 WorkerThread "GC Thread#7"                     [id=16980, stack(0x0000005a00300000,0x0000005a00400000) (1024K)]
Total: 10

Threads with active compile tasks:
C2 CompilerThread0  3051511 14917 % !   4       org.eclipse.jdt.internal.core.ClassFileInfo::generateMethodInfos @ 494 (750 bytes)
Total: 1

VM state: at safepoint (normal execution)

VM Mutex/Monitor currently owned by a thread:  ([mutex/lock_event])
[0x00007ffd8300d570] Threads_lock - owner thread: 0x00000213c2fee9c0
[0x00007ffd8300d670] Heap_lock - owner thread: 0x0000021424bfd720
[0x00007ffd8300daf0] PSOldGenExpand_lock - owner thread: 0x000002141c813eb0

Heap address: 0x0000000080000000, size: 2048 MB, Compressed Oops mode: 32-bit

CDS archive(s) mapped at: [0x00000213da000000-0x00000213daba0000-0x00000213daba0000), size 12189696, SharedBaseAddress: 0x00000213da000000, ArchiveRelocationMode: 1.
Compressed class space mapped at: 0x00000213db000000-0x000002141b000000, reserved size: 1073741824
Narrow klass base: 0x00000213da000000, Narrow klass shift: 0, Narrow klass range: 0x100000000

GC Precious Log:
 CardTable entry size: 512
 CPUs: 8 total, 8 available
 Memory: 7926M
 Large Page Support: Disabled
 NUMA Support: Disabled
 Compressed Oops: Enabled (32-bit)
 Alignments: Space 512K, Generation 512K, Heap 2M
 Heap Min Capacity: 100M
 Heap Initial Capacity: 100M
 Heap Max Capacity: 2G
 Pre-touch: Disabled
 Parallel Workers: 8

Heap:
 PSYoungGen      total 8192K, used 7032K [0x00000000d5580000, 0x00000000d6280000, 0x0000000100000000)
  eden space 4608K, 100% used [0x00000000d5580000,0x00000000d5a00000,0x00000000d5a00000)
  from space 3584K, 67% used [0x00000000d5a00000,0x00000000d5c5e188,0x00000000d5d80000)
  to   space 4096K, 74% used [0x00000000d5e80000,0x00000000d617c000,0x00000000d6280000)
 ParOldGen       total 572928K, used 572920K [0x0000000080000000, 0x00000000a2f80000, 0x00000000d5580000)
  object space 572928K, 99% used [0x0000000080000000,0x00000000a2f7e0a8,0x00000000a2f80000)
 Metaspace       used 78481K, committed 79872K, reserved 1179648K
  class space    used 8148K, committed 8768K, reserved 1048576K

Card table byte_map: [0x00000213c28f0000,0x00000213c2d00000] _byte_map_base: 0x00000213c24f0000

Marking Bits: (ParMarkBitMap*) 0x00007ffd83012460
 Begin Bits: [0x00000213d5400000, 0x00000213d7400000)
 End Bits:   [0x00000213d7400000, 0x00000213d9400000)

Polling page: 0x00000213c0b80000

Metaspace:

Usage:
  Non-class:     68.68 MB used.
      Class:      7.96 MB used.
       Both:     76.64 MB used.

Virtual space:
  Non-class space:      128.00 MB reserved,      69.44 MB ( 54%) committed,  2 nodes.
      Class space:        1.00 GB reserved,       8.56 MB ( <1%) committed,  1 nodes.
             Both:        1.12 GB reserved,      78.00 MB (  7%) committed. 

Chunk freelists:
   Non-Class:  10.52 MB
       Class:  7.30 MB
        Both:  17.81 MB

MaxMetaspaceSize: unlimited
CompressedClassSpaceSize: 1.00 GB
Initial GC threshold: 21.00 MB
Current GC threshold: 127.94 MB
CDS: on
 - commit_granule_bytes: 65536.
 - commit_granule_words: 8192.
 - virtual_space_node_default_size: 8388608.
 - enlarge_chunks_in_place: 1.
 - use_allocation_guard: 0.


Internal statistics:

num_allocs_failed_limit: 11.
num_arena_births: 1458.
num_arena_deaths: 246.
num_vsnodes_births: 3.
num_vsnodes_deaths: 0.
num_space_committed: 1248.
num_space_uncommitted: 0.
num_chunks_returned_to_freelist: 281.
num_chunks_taken_from_freelist: 5169.
num_chunk_merges: 68.
num_chunk_splits: 3068.
num_chunks_enlarged: 1733.
num_inconsistent_stats: 0.

CodeHeap 'non-profiled nmethods': size=120000Kb used=9979Kb max_used=11692Kb free=110020Kb
 bounds [0x00000213cdc20000, 0x00000213ce7d0000, 0x00000213d5150000]
CodeHeap 'profiled nmethods': size=120000Kb used=26150Kb max_used=31858Kb free=93849Kb
 bounds [0x00000213c6150000, 0x00000213c8070000, 0x00000213cd680000]
CodeHeap 'non-nmethods': size=5760Kb used=1520Kb max_used=1584Kb free=4239Kb
 bounds [0x00000213cd680000, 0x00000213cd8f0000, 0x00000213cdc20000]
CodeCache: size=245760Kb, used=37649Kb, max_used=45134Kb, free=208108Kb
 total_blobs=12192, nmethods=11368, adapters=728, full_count=0
Compilation: enabled, stopped_count=0, restarted_count=0

Compilation events (20 events):
Event: 3044.044 Thread 0x00000213c2ef9c90 nmethod 14916 0x00000213c67e4510 code [0x00000213c67e4720, 0x00000213c67e5030]
Event: 3044.044 Thread 0x00000213c2ef9c90 14915       1       org.eclipse.jdt.internal.core.Buffer::getOwner (5 bytes)
Event: 3044.044 Thread 0x00000213c2ef9c90 nmethod 14915 0x00000213ce0d2310 code [0x00000213ce0d24a0, 0x00000213ce0d2568]
Event: 3044.107 Thread 0x00000213c2ecd190 14917 % !   4       org.eclipse.jdt.internal.core.ClassFileInfo::generateMethodInfos @ 494 (750 bytes)
Event: 3044.126 Thread 0x00000213c2ef9c90 14918       3       java.io.File::toString (5 bytes)
Event: 3044.127 Thread 0x00000213c2ef9c90 nmethod 14918 0x00000213c68be210 code [0x00000213c68be3a0, 0x00000213c68be4c0]
Event: 3045.139 Thread 0x00000213c2ef9c90 14919       3       org.eclipse.core.internal.dtree.DeltaDataTree::<init> (20 bytes)
Event: 3045.139 Thread 0x00000213c2ef9c90 nmethod 14919 0x00000213c675ec90 code [0x00000213c675ee60, 0x00000213c675f1c8]
Event: 3045.140 Thread 0x00000213c2ef9c90 14920       1       org.eclipse.core.internal.resources.WorkspaceDescription::getFileStateLongevity (5 bytes)
Event: 3045.140 Thread 0x00000213c2ef9c90 nmethod 14920 0x00000213ce0d2010 code [0x00000213ce0d21a0, 0x00000213ce0d2268]
Event: 3045.140 Thread 0x00000213c2ef9c90 14921       1       org.eclipse.core.internal.resources.WorkspaceDescription::getMaxFileStates (5 bytes)
Event: 3045.140 Thread 0x00000213c2ef9c90 nmethod 14921 0x00000213cdd79810 code [0x00000213cdd799a0, 0x00000213cdd79a68]
Event: 3045.140 Thread 0x00000213c2ef9c90 14922       1       org.eclipse.core.internal.resources.WorkspaceDescription::getSnapshotInterval (5 bytes)
Event: 3045.140 Thread 0x00000213c2ef9c90 nmethod 14922 0x00000213cdd79510 code [0x00000213cdd796a0, 0x00000213cdd79768]
Event: 3049.321 Thread 0x00000213c2ef9c90 14923       3       org.eclipse.jdt.internal.core.BinaryMethod::equals (43 bytes)
Event: 3049.322 Thread 0x00000213c2ef9c90 nmethod 14923 0x00000213c708d690 code [0x00000213c708d8a0, 0x00000213c708dd90]
Event: 3050.365 Thread 0x00000213c2ef9c90 14926       3       org.eclipse.core.runtime.SubProgressMonitor::done (63 bytes)
Event: 3050.367 Thread 0x00000213c2ef9c90 nmethod 14926 0x00000213c6a2bc90 code [0x00000213c6a2be80, 0x00000213c6a2c258]
Event: 3050.367 Thread 0x00000213c2ef9c90 14927       1       org.eclipse.core.internal.resources.WorkspaceDescription::getMaxConcurrentBuilds (5 bytes)
Event: 3050.367 Thread 0x00000213c2ef9c90 nmethod 14927 0x00000213cdd79190 code [0x00000213cdd79320, 0x00000213cdd793e8]

GC Heap History (20 events):
Event: 3042.824 GC heap before
{Heap before GC invocations=1077 (full 5):
 PSYoungGen      total 3584K, used 3055K [0x00000000d5580000, 0x00000000d5c00000, 0x0000000100000000)
  eden space 3072K, 94% used [0x00000000d5580000,0x00000000d5853eb0,0x00000000d5880000)
  from space 512K, 31% used [0x00000000d5b00000,0x00000000d5b28000,0x00000000d5b80000)
  to   space 512K, 0% used [0x00000000d5b80000,0x00000000d5b80000,0x00000000d5c00000)
 ParOldGen       total 538112K, used 538026K [0x0000000080000000, 0x00000000a0d80000, 0x00000000d5580000)
  object space 538112K, 99% used [0x0000000080000000,0x00000000a0d6aac8,0x00000000a0d80000)
 Metaspace       used 78478K, committed 79872K, reserved 1179648K
  class space    used 8148K, committed 8768K, reserved 1048576K
}
Event: 3042.825 GC heap after
{Heap after GC invocations=1077 (full 5):
 PSYoungGen      total 3584K, used 192K [0x00000000d5580000, 0x00000000d5c00000, 0x0000000100000000)
  eden space 3072K, 0% used [0x00000000d5580000,0x00000000d5580000,0x00000000d5880000)
  from space 512K, 37% used [0x00000000d5b80000,0x00000000d5bb0000,0x00000000d5c00000)
  to   space 512K, 0% used [0x00000000d5b00000,0x00000000d5b00000,0x00000000d5b80000)
 ParOldGen       total 538112K, used 538074K [0x0000000080000000, 0x00000000a0d80000, 0x00000000d5580000)
  object space 538112K, 99% used [0x0000000080000000,0x00000000a0d76ac8,0x00000000a0d80000)
 Metaspace       used 78478K, committed 79872K, reserved 1179648K
  class space    used 8148K, committed 8768K, reserved 1048576K
}
Event: 3042.854 GC heap before
{Heap before GC invocations=1078 (full 5):
 PSYoungGen      total 3584K, used 3087K [0x00000000d5580000, 0x00000000d5c00000, 0x0000000100000000)
  eden space 3072K, 94% used [0x00000000d5580000,0x00000000d5853cc0,0x00000000d5880000)
  from space 512K, 37% used [0x00000000d5b80000,0x00000000d5bb0000,0x00000000d5c00000)
  to   space 512K, 0% used [0x00000000d5b00000,0x00000000d5b00000,0x00000000d5b80000)
 ParOldGen       total 542208K, used 541814K [0x0000000080000000, 0x00000000a1180000, 0x00000000d5580000)
  object space 542208K, 99% used [0x0000000080000000,0x00000000a111dbc8,0x00000000a1180000)
 Metaspace       used 78478K, committed 79872K, reserved 1179648K
  class space    used 8148K, committed 8768K, reserved 1048576K
}
Event: 3042.859 GC heap after
{Heap after GC invocations=1078 (full 5):
 PSYoungGen      total 3584K, used 192K [0x00000000d5580000, 0x00000000d5c00000, 0x0000000100000000)
  eden space 3072K, 0% used [0x00000000d5580000,0x00000000d5580000,0x00000000d5880000)
  from space 512K, 37% used [0x00000000d5b00000,0x00000000d5b30000,0x00000000d5b80000)
  to   space 512K, 0% used [0x00000000d5b80000,0x00000000d5b80000,0x00000000d5c00000)
 ParOldGen       total 542208K, used 541846K [0x0000000080000000, 0x00000000a1180000, 0x00000000d5580000)
  object space 542208K, 99% used [0x0000000080000000,0x00000000a1125bc8,0x00000000a1180000)
 Metaspace       used 78478K, committed 79872K, reserved 1179648K
  class space    used 8148K, committed 8768K, reserved 1048576K
}
Event: 3042.885 GC heap before
{Heap before GC invocations=1079 (full 5):
 PSYoungGen      total 3584K, used 3264K [0x00000000d5580000, 0x00000000d5c00000, 0x0000000100000000)
  eden space 3072K, 100% used [0x00000000d5580000,0x00000000d5880000,0x00000000d5880000)
  from space 512K, 37% used [0x00000000d5b00000,0x00000000d5b30000,0x00000000d5b80000)
  to   space 512K, 0% used [0x00000000d5b80000,0x00000000d5b80000,0x00000000d5c00000)
 ParOldGen       total 546304K, used 545587K [0x0000000080000000, 0x00000000a1580000, 0x00000000d5580000)
  object space 546304K, 99% used [0x0000000080000000,0x00000000a14cccc8,0x00000000a1580000)
 Metaspace       used 78478K, committed 79872K, reserved 1179648K
  class space    used 8148K, committed 8768K, reserved 1048576K
}
Event: 3042.889 GC heap after
{Heap after GC invocations=1079 (full 5):
 PSYoungGen      total 3584K, used 432K [0x00000000d5580000, 0x00000000d5c00000, 0x0000000100000000)
  eden space 3072K, 0% used [0x00000000d5580000,0x00000000d5580000,0x00000000d5880000)
  from space 512K, 84% used [0x00000000d5b80000,0x00000000d5bec1d0,0x00000000d5c00000)
  to   space 512K, 0% used [0x00000000d5b00000,0x00000000d5b00000,0x00000000d5b80000)
 ParOldGen       total 546304K, used 545643K [0x0000000080000000, 0x00000000a1580000, 0x00000000d5580000)
  object space 546304K, 99% used [0x0000000080000000,0x00000000a14dacc8,0x00000000a1580000)
 Metaspace       used 78478K, committed 79872K, reserved 1179648K
  class space    used 8148K, committed 8768K, reserved 1048576K
}
Event: 3043.900 GC heap before
{Heap before GC invocations=1080 (full 5):
 PSYoungGen      total 3584K, used 3504K [0x00000000d5580000, 0x00000000d5c00000, 0x0000000100000000)
  eden space 3072K, 99% used [0x00000000d5580000,0x00000000d587fff8,0x00000000d5880000)
  from space 512K, 84% used [0x00000000d5b80000,0x00000000d5bec1d0,0x00000000d5c00000)
  to   space 512K, 0% used [0x00000000d5b00000,0x00000000d5b00000,0x00000000d5b80000)
 ParOldGen       total 548352K, used 547513K [0x0000000080000000, 0x00000000a1780000, 0x00000000d5580000)
  object space 548352K, 99% used [0x0000000080000000,0x00000000a16ae548,0x00000000a1780000)
 Metaspace       used 78478K, committed 79872K, reserved 1179648K
  class space    used 8148K, committed 8768K, reserved 1048576K
}
Event: 3043.902 GC heap after
{Heap after GC invocations=1080 (full 5):
 PSYoungGen      total 3584K, used 320K [0x00000000d5580000, 0x00000000d5c00000, 0x0000000100000000)
  eden space 3072K, 0% used [0x00000000d5580000,0x00000000d5580000,0x00000000d5880000)
  from space 512K, 62% used [0x00000000d5b00000,0x00000000d5b50020,0x00000000d5b80000)
  to   space 512K, 0% used [0x00000000d5b80000,0x00000000d5b80000,0x00000000d5c00000)
 ParOldGen       total 548352K, used 547545K [0x0000000080000000, 0x00000000a1780000, 0x00000000d5580000)
  object space 548352K, 99% used [0x0000000080000000,0x00000000a16b6548,0x00000000a1780000)
 Metaspace       used 78478K, committed 79872K, reserved 1179648K
  class space    used 8148K, committed 8768K, reserved 1048576K
}
Event: 3045.135 GC heap before
{Heap before GC invocations=1081 (full 5):
 PSYoungGen      total 3584K, used 3392K [0x00000000d5580000, 0x00000000d5c00000, 0x0000000100000000)
  eden space 3072K, 100% used [0x00000000d5580000,0x00000000d5880000,0x00000000d5880000)
  from space 512K, 62% used [0x00000000d5b00000,0x00000000d5b50020,0x00000000d5b80000)
  to   space 512K, 0% used [0x00000000d5b80000,0x00000000d5b80000,0x00000000d5c00000)
 ParOldGen       total 558592K, used 556895K [0x0000000080000000, 0x00000000a2180000, 0x00000000d5580000)
  object space 558592K, 99% used [0x0000000080000000,0x00000000a1fd7fc8,0x00000000a2180000)
 Metaspace       used 78479K, committed 79872K, reserved 1179648K
  class space    used 8148K, committed 8768K, reserved 1048576K
}
Event: 3045.137 GC heap after
{Heap after GC invocations=1081 (full 5):
 PSYoungGen      total 3584K, used 256K [0x00000000d5580000, 0x00000000d5c00000, 0x0000000100000000)
  eden space 3072K, 0% used [0x00000000d5580000,0x00000000d5580000,0x00000000d5880000)
  from space 512K, 50% used [0x00000000d5b80000,0x00000000d5bc0000,0x00000000d5c00000)
  to   space 512K, 0% used [0x00000000d5b00000,0x00000000d5b00000,0x00000000d5b80000)
 ParOldGen       total 558592K, used 556999K [0x0000000080000000, 0x00000000a2180000, 0x00000000d5580000)
  object space 558592K, 99% used [0x0000000080000000,0x00000000a1ff1fe8,0x00000000a2180000)
 Metaspace       used 78479K, committed 79872K, reserved 1179648K
  class space    used 8148K, committed 8768K, reserved 1048576K
}
Event: 3045.142 GC heap before
{Heap before GC invocations=1082 (full 5):
 PSYoungGen      total 3584K, used 3328K [0x00000000d5580000, 0x00000000d5c00000, 0x0000000100000000)
  eden space 3072K, 100% used [0x00000000d5580000,0x00000000d5880000,0x00000000d5880000)
  from space 512K, 50% used [0x00000000d5b80000,0x00000000d5bc0000,0x00000000d5c00000)
  to   space 512K, 0% used [0x00000000d5b00000,0x00000000d5b00000,0x00000000d5b80000)
 ParOldGen       total 558592K, used 556999K [0x0000000080000000, 0x00000000a2180000, 0x00000000d5580000)
  object space 558592K, 99% used [0x0000000080000000,0x00000000a1ff1fe8,0x00000000a2180000)
 Metaspace       used 78480K, committed 79872K, reserved 1179648K
  class space    used 8148K, committed 8768K, reserved 1048576K
}
Event: 3046.144 GC heap after
{Heap after GC invocations=1082 (full 5):
 PSYoungGen      total 3584K, used 488K [0x00000000d5580000, 0x00000000d6380000, 0x0000000100000000)
  eden space 3072K, 0% used [0x00000000d5580000,0x00000000d5580000,0x00000000d5880000)
  from space 512K, 95% used [0x00000000d5b00000,0x00000000d5b7a020,0x00000000d5b80000)
  to   space 5632K, 0% used [0x00000000d5e00000,0x00000000d5e00000,0x00000000d6380000)
 ParOldGen       total 562688K, used 561116K [0x0000000080000000, 0x00000000a2580000, 0x00000000d5580000)
  object space 562688K, 99% used [0x0000000080000000,0x00000000a23f7118,0x00000000a2580000)
 Metaspace       used 78480K, committed 79872K, reserved 1179648K
  class space    used 8148K, committed 8768K, reserved 1048576K
}
Event: 3046.252 GC heap before
{Heap before GC invocations=1083 (full 5):
 PSYoungGen      total 3584K, used 3559K [0x00000000d5580000, 0x00000000d6380000, 0x0000000100000000)
  eden space 3072K, 99% used [0x00000000d5580000,0x00000000d587ff90,0x00000000d5880000)
  from space 512K, 95% used [0x00000000d5b00000,0x00000000d5b7a020,0x00000000d5b80000)
  to   space 5632K, 0% used [0x00000000d5e00000,0x00000000d5e00000,0x00000000d6380000)
 ParOldGen       total 564736K, used 562986K [0x0000000080000000, 0x00000000a2780000, 0x00000000d5580000)
  object space 564736K, 99% used [0x0000000080000000,0x00000000a25ca998,0x00000000a2780000)
 Metaspace       used 78480K, committed 79872K, reserved 1179648K
  class space    used 8148K, committed 8768K, reserved 1048576K
}
Event: 3046.258 GC heap after
{Heap after GC invocations=1083 (full 5):
 PSYoungGen      total 6144K, used 2624K [0x00000000d5580000, 0x00000000d6100000, 0x0000000100000000)
  eden space 3072K, 0% used [0x00000000d5580000,0x00000000d5580000,0x00000000d5880000)
  from space 3072K, 85% used [0x00000000d5e00000,0x00000000d60901e0,0x00000000d6100000)
  to   space 3584K, 0% used [0x00000000d5a00000,0x00000000d5a00000,0x00000000d5d80000)
 ParOldGen       total 564736K, used 563402K [0x0000000080000000, 0x00000000a2780000, 0x00000000d5580000)
  object space 564736K, 99% used [0x0000000080000000,0x00000000a26329c8,0x00000000a2780000)
 Metaspace       used 78480K, committed 79872K, reserved 1179648K
  class space    used 8148K, committed 8768K, reserved 1048576K
}
Event: 3046.262 GC heap before
{Heap before GC invocations=1084 (full 5):
 PSYoungGen      total 6144K, used 5696K [0x00000000d5580000, 0x00000000d6100000, 0x0000000100000000)
  eden space 3072K, 100% used [0x00000000d5580000,0x00000000d5880000,0x00000000d5880000)
  from space 3072K, 85% used [0x00000000d5e00000,0x00000000d60901e0,0x00000000d6100000)
  to   space 3584K, 0% used [0x00000000d5a00000,0x00000000d5a00000,0x00000000d5d80000)
 ParOldGen       total 564736K, used 563402K [0x0000000080000000, 0x00000000a2780000, 0x00000000d5580000)
  object space 564736K, 99% used [0x0000000080000000,0x00000000a26329c8,0x00000000a2780000)
 Metaspace       used 78480K, committed 79872K, reserved 1179648K
  class space    used 8148K, committed 8768K, reserved 1048576K
}
Event: 3046.269 GC heap after
{Heap after GC invocations=1084 (full 5):
 PSYoungGen      total 7680K, used 3086K [0x00000000d5580000, 0x00000000d6080000, 0x0000000100000000)
  eden space 4096K, 0% used [0x00000000d5580000,0x00000000d5580000,0x00000000d5980000)
  from space 3584K, 86% used [0x00000000d5a00000,0x00000000d5d03880,0x00000000d5d80000)
  to   space 3072K, 0% used [0x00000000d5d80000,0x00000000d5d80000,0x00000000d6080000)
 ParOldGen       total 565760K, used 565658K [0x0000000080000000, 0x00000000a2880000, 0x00000000d5580000)
  object space 565760K, 99% used [0x0000000080000000,0x00000000a28669d8,0x00000000a2880000)
 Metaspace       used 78480K, committed 79872K, reserved 1179648K
  class space    used 8148K, committed 8768K, reserved 1048576K
}
Event: 3046.290 GC heap before
{Heap before GC invocations=1085 (full 5):
 PSYoungGen      total 7680K, used 7170K [0x00000000d5580000, 0x00000000d6080000, 0x0000000100000000)
  eden space 4096K, 99% used [0x00000000d5580000,0x00000000d597d298,0x00000000d5980000)
  from space 3584K, 86% used [0x00000000d5a00000,0x00000000d5d03880,0x00000000d5d80000)
  to   space 3072K, 0% used [0x00000000d5d80000,0x00000000d5d80000,0x00000000d6080000)
 ParOldGen       total 565760K, used 565658K [0x0000000080000000, 0x00000000a2880000, 0x00000000d5580000)
  object space 565760K, 99% used [0x0000000080000000,0x00000000a28669d8,0x00000000a2880000)
 Metaspace       used 78480K, committed 79872K, reserved 1179648K
  class space    used 8148K, committed 8768K, reserved 1048576K
}
Event: 3049.310 GC heap after
{Heap after GC invocations=1085 (full 5):
 PSYoungGen      total 7168K, used 3052K [0x00000000d5580000, 0x00000000d6080000, 0x0000000100000000)
  eden space 4096K, 0% used [0x00000000d5580000,0x00000000d5580000,0x00000000d5980000)
  from space 3072K, 99% used [0x00000000d5d80000,0x00000000d607b290,0x00000000d6080000)
  to   space 3584K, 0% used [0x00000000d5a00000,0x00000000d5a00000,0x00000000d5d80000)
 ParOldGen       total 569344K, used 568928K [0x0000000080000000, 0x00000000a2c00000, 0x00000000d5580000)
  object space 569344K, 99% used [0x0000000080000000,0x00000000a2b98258,0x00000000a2c00000)
 Metaspace       used 78480K, committed 79872K, reserved 1179648K
  class space    used 8148K, committed 8768K, reserved 1048576K
}
Event: 3049.355 GC heap before
{Heap before GC invocations=1086 (full 5):
 PSYoungGen      total 7168K, used 7148K [0x00000000d5580000, 0x00000000d6080000, 0x0000000100000000)
  eden space 4096K, 100% used [0x00000000d5580000,0x00000000d5980000,0x00000000d5980000)
  from space 3072K, 99% used [0x00000000d5d80000,0x00000000d607b290,0x00000000d6080000)
  to   space 3584K, 0% used [0x00000000d5a00000,0x00000000d5a00000,0x00000000d5d80000)
 ParOldGen       total 569344K, used 568928K [0x0000000080000000, 0x00000000a2c00000, 0x00000000d5580000)
  object space 569344K, 99% used [0x0000000080000000,0x00000000a2b98258,0x00000000a2c00000)
 Metaspace       used 78481K, committed 79872K, reserved 1179648K
  class space    used 8148K, committed 8768K, reserved 1048576K
}
Event: 3050.360 GC heap after
{Heap after GC invocations=1086 (full 5):
 PSYoungGen      total 8192K, used 2424K [0x00000000d5580000, 0x00000000d6280000, 0x0000000100000000)
  eden space 4608K, 0% used [0x00000000d5580000,0x00000000d5580000,0x00000000d5a00000)
  from space 3584K, 67% used [0x00000000d5a00000,0x00000000d5c5e188,0x00000000d5d80000)
  to   space 4096K, 0% used [0x00000000d5e80000,0x00000000d5e80000,0x00000000d6280000)
 ParOldGen       total 571904K, used 571838K [0x0000000080000000, 0x00000000a2e80000, 0x00000000d5580000)
  object space 571904K, 99% used [0x0000000080000000,0x00000000a2e6f8e8,0x00000000a2e80000)
 Metaspace       used 78481K, committed 79872K, reserved 1179648K
  class space    used 8148K, committed 8768K, reserved 1048576K
}

Dll operation events (12 events):
Event: 0.019 Loaded shared library c:\Users\nalla\.vscode\extensions\redhat.java-1.50.0-win32-x64\jre\21.0.9-win32-x86_64\bin\java.dll
Event: 0.134 Loaded shared library c:\Users\nalla\.vscode\extensions\redhat.java-1.50.0-win32-x64\jre\21.0.9-win32-x86_64\bin\zip.dll
Event: 0.181 Loaded shared library C:\Users\nalla\.vscode\extensions\redhat.java-1.50.0-win32-x64\jre\21.0.9-win32-x86_64\bin\instrument.dll
Event: 0.197 Loaded shared library C:\Users\nalla\.vscode\extensions\redhat.java-1.50.0-win32-x64\jre\21.0.9-win32-x86_64\bin\net.dll
Event: 0.201 Loaded shared library C:\Users\nalla\.vscode\extensions\redhat.java-1.50.0-win32-x64\jre\21.0.9-win32-x86_64\bin\nio.dll
Event: 0.208 Loaded shared library C:\Users\nalla\.vscode\extensions\redhat.java-1.50.0-win32-x64\jre\21.0.9-win32-x86_64\bin\zip.dll
Event: 0.258 Loaded shared library C:\Users\nalla\.vscode\extensions\redhat.java-1.50.0-win32-x64\jre\21.0.9-win32-x86_64\bin\jimage.dll
Event: 0.446 Loaded shared library c:\Users\nalla\.vscode\extensions\redhat.java-1.50.0-win32-x64\jre\21.0.9-win32-x86_64\bin\verify.dll
Event: 10.504 Loaded shared library C:\Users\nalla\AppData\Roaming\Code\User\globalStorage\redhat.java\1.50.0\config_win\org.eclipse.equinox.launcher\org.eclipse.equinox.launcher.win32.win32.x86_64_1.2.1400.v20250801-0854\eclipse_11916.dll
Event: 26.868 Loaded shared library C:\Users\nalla\AppData\Local\Temp\jna-104584270\jna16332011411348531881.dll
Event: 28.946 Loaded shared library C:\Users\nalla\.vscode\extensions\redhat.java-1.50.0-win32-x64\jre\21.0.9-win32-x86_64\bin\sunmscapi.dll
Event: 29.489 Loaded shared library C:\Users\nalla\.vscode\extensions\redhat.java-1.50.0-win32-x64\jre\21.0.9-win32-x86_64\bin\extnet.dll

Deoptimization events (20 events):
Event: 3040.780 Thread 0x0000021424bfc370 Uncommon trap: trap_request=0xffffff45 fr.pc=0x00000213cdc673dc relative=0x000000000000039c
Event: 3040.780 Thread 0x0000021424bfc370 Uncommon trap: reason=unstable_if action=reinterpret pc=0x00000213cdc673dc method=org.eclipse.jdt.ls.core.internal.text.correction.CodeActionComparator.getCodeActionKindOrdinal(Ljava/lang/String;)I @ 6 c2
Event: 3040.780 Thread 0x0000021424bfc370 DEOPT PACKING pc=0x00000213cdc673dc sp=0x0000005a00ffeee0
Event: 3040.780 Thread 0x0000021424bfc370 DEOPT UNPACKING pc=0x00000213cd6d6da2 sp=0x0000005a00ffee70 mode 2
Event: 3040.972 Thread 0x0000021424640b80 Uncommon trap: trap_request=0xffffff45 fr.pc=0x00000213ce793ca0 relative=0x0000000000007f40
Event: 3040.972 Thread 0x0000021424640b80 Uncommon trap: reason=unstable_if action=reinterpret pc=0x00000213ce793ca0 method=org.eclipse.jdt.internal.compiler.classfmt.ClassFileReader.<init>([B[CZ)V @ 964 c2
Event: 3040.973 Thread 0x0000021424640b80 DEOPT PACKING pc=0x00000213ce793ca0 sp=0x0000005a02cfdff0
Event: 3040.973 Thread 0x0000021424640b80 DEOPT UNPACKING pc=0x00000213cd6d6da2 sp=0x0000005a02cfdfc0 mode 2
Event: 3041.470 Thread 0x0000021424bfc370 DEOPT PACKING pc=0x00000213c792ba8a sp=0x0000005a00ffd650
Event: 3041.470 Thread 0x0000021424bfc370 DEOPT UNPACKING pc=0x00000213cd6d78e2 sp=0x0000005a00ffcbc8 mode 0
Event: 3041.914 Thread 0x0000021424bfc370 DEOPT PACKING pc=0x00000213c792ba8a sp=0x0000005a00ffd650
Event: 3041.914 Thread 0x0000021424bfc370 DEOPT UNPACKING pc=0x00000213cd6d78e2 sp=0x0000005a00ffcbc8 mode 0
Event: 3042.339 Thread 0x0000021424bfc370 DEOPT PACKING pc=0x00000213c792ba8a sp=0x0000005a00ffd650
Event: 3042.339 Thread 0x0000021424bfc370 DEOPT UNPACKING pc=0x00000213cd6d78e2 sp=0x0000005a00ffcbc8 mode 0
Event: 3042.406 Thread 0x0000021424bfc370 Uncommon trap: trap_request=0xffffff45 fr.pc=0x00000213ce29b118 relative=0x0000000000000ff8
Event: 3042.406 Thread 0x0000021424bfc370 Uncommon trap: reason=unstable_if action=reinterpret pc=0x00000213ce29b118 method=org.eclipse.jdt.internal.compiler.classfmt.MethodInfo.readModifierRelatedAttributes()V @ 67 c2
Event: 3042.406 Thread 0x0000021424bfc370 DEOPT PACKING pc=0x00000213ce29b118 sp=0x0000005a00ffd490
Event: 3042.406 Thread 0x0000021424bfc370 DEOPT UNPACKING pc=0x00000213cd6d6da2 sp=0x0000005a00ffd3f8 mode 2
Event: 3042.828 Thread 0x0000021424bfc370 DEOPT PACKING pc=0x00000213c792ba8a sp=0x0000005a00ffd650
Event: 3042.828 Thread 0x0000021424bfc370 DEOPT UNPACKING pc=0x00000213cd6d78e2 sp=0x0000005a00ffcbc8 mode 0

Classes loaded (20 events):
Event: 2501.567 Loading class java/util/stream/Nodes$CollectorTask done
Event: 2501.567 Loading class java/util/stream/Nodes$CollectorTask$OfRef done
Event: 2501.571 Loading class java/util/function/LongFunction
Event: 2501.572 Loading class java/util/function/LongFunction done
Event: 2501.572 Loading class java/util/stream/Nodes$ConcNode
Event: 2501.573 Loading class java/util/stream/Nodes$AbstractConcNode
Event: 2501.573 Loading class java/util/stream/Nodes$AbstractConcNode done
Event: 2501.573 Loading class java/util/stream/Nodes$ConcNode done
Event: 2501.586 Loading class java/util/stream/Nodes$ToArrayTask$OfRef
Event: 2501.587 Loading class java/util/stream/Nodes$ToArrayTask
Event: 2501.587 Loading class java/util/stream/Nodes$ToArrayTask done
Event: 2501.587 Loading class java/util/stream/Nodes$ToArrayTask$OfRef done
Event: 2501.590 Loading class java/io/ObjectOutputStream$BlockDataOutputStream
Event: 2501.591 Loading class java/io/ObjectOutputStream$BlockDataOutputStream done
Event: 2501.591 Loading class java/io/ObjectOutputStream$HandleTable
Event: 2501.591 Loading class java/io/ObjectOutputStream$HandleTable done
Event: 2501.591 Loading class java/io/ObjectOutputStream$ReplaceTable
Event: 2501.591 Loading class java/io/ObjectOutputStream$ReplaceTable done
Event: 2984.509 Loading class java/nio/channels/CompletionHandler
Event: 2984.527 Loading class java/nio/channels/CompletionHandler done

Classes unloaded (20 events):
Event: 2383.819 Thread 0x00000213c2fee9c0 Unloading class 0x00000213db016400 'java/lang/invoke/LambdaForm$MH+0x00000213db016400'
Event: 2383.819 Thread 0x00000213c2fee9c0 Unloading class 0x00000213db00d800 'java/lang/invoke/LambdaForm$MH+0x00000213db00d800'
Event: 2383.820 Thread 0x00000213c2fee9c0 Unloading class 0x00000213db00d400 'java/lang/invoke/LambdaForm$MH+0x00000213db00d400'
Event: 2383.820 Thread 0x00000213c2fee9c0 Unloading class 0x00000213db00d000 'java/lang/invoke/LambdaForm$MH+0x00000213db00d000'
Event: 2383.820 Thread 0x00000213c2fee9c0 Unloading class 0x00000213db00cc00 'java/lang/invoke/LambdaForm$MH+0x00000213db00cc00'
Event: 2383.820 Thread 0x00000213c2fee9c0 Unloading class 0x00000213db00c800 'java/lang/invoke/LambdaForm$BMH+0x00000213db00c800'
Event: 2383.820 Thread 0x00000213c2fee9c0 Unloading class 0x00000213db00c000 'java/lang/invoke/LambdaForm$DMH+0x00000213db00c000'
Event: 2383.820 Thread 0x00000213c2fee9c0 Unloading class 0x00000213db008c00 'java/lang/invoke/LambdaForm$MH+0x00000213db008c00'
Event: 2383.820 Thread 0x00000213c2fee9c0 Unloading class 0x00000213db008800 'java/lang/invoke/LambdaForm$MH+0x00000213db008800'
Event: 2383.820 Thread 0x00000213c2fee9c0 Unloading class 0x00000213db008400 'java/lang/invoke/LambdaForm$MH+0x00000213db008400'
Event: 2383.820 Thread 0x00000213c2fee9c0 Unloading class 0x00000213db007000 'java/lang/invoke/LambdaForm$MH+0x00000213db007000'
Event: 2383.820 Thread 0x00000213c2fee9c0 Unloading class 0x00000213db006800 'java/lang/invoke/LambdaForm$MH+0x00000213db006800'
Event: 2383.820 Thread 0x00000213c2fee9c0 Unloading class 0x00000213db006400 'java/lang/invoke/LambdaForm$MH+0x00000213db006400'
Event: 2383.820 Thread 0x00000213c2fee9c0 Unloading class 0x00000213db006000 'java/lang/invoke/LambdaForm$MH+0x00000213db006000'
Event: 2383.820 Thread 0x00000213c2fee9c0 Unloading class 0x00000213db005c00 'java/lang/invoke/LambdaForm$BMH+0x00000213db005c00'
Event: 2383.820 Thread 0x00000213c2fee9c0 Unloading class 0x00000213db004800 'java/lang/invoke/LambdaForm$DMH+0x00000213db004800'
Event: 2383.820 Thread 0x00000213c2fee9c0 Unloading class 0x00000213db002800 'java/lang/invoke/LambdaForm$MH+0x00000213db002800'
Event: 2383.820 Thread 0x00000213c2fee9c0 Unloading class 0x00000213db002400 'java/lang/invoke/LambdaForm$MH+0x00000213db002400'
Event: 2383.820 Thread 0x00000213c2fee9c0 Unloading class 0x00000213db002000 'java/lang/invoke/LambdaForm$MH+0x00000213db002000'
Event: 2383.820 Thread 0x00000213c2fee9c0 Unloading class 0x00000213db001800 'java/lang/invoke/LambdaForm$MH+0x00000213db001800'

Classes redefined (0 events):
No events

Internal exceptions (20 events):
Event: 2725.845 Thread 0x000002141c978680 Exception <a 'sun/nio/fs/WindowsException'{0x00000000d55aecb8}> (0x00000000d55aecb8) 
thrown [s\src\hotspot\share\prims\jni.cpp, line 520]
Event: 2725.948 Thread 0x000002141c978680 Exception <a 'sun/nio/fs/WindowsException'{0x00000000d56b3238}> (0x00000000d56b3238) 
thrown [s\src\hotspot\share\prims\jni.cpp, line 520]
Event: 2727.436 Thread 0x000002141c978680 Exception <a 'sun/nio/fs/WindowsException'{0x00000000d55ca560}> (0x00000000d55ca560) 
thrown [s\src\hotspot\share\prims\jni.cpp, line 520]
Event: 2727.532 Thread 0x000002141c978680 Exception <a 'sun/nio/fs/WindowsException'{0x00000000d56a5a70}> (0x00000000d56a5a70) 
thrown [s\src\hotspot\share\prims\jni.cpp, line 520]
Event: 2835.384 Thread 0x0000021424bfd720 Exception <a 'java/lang/ArrayIndexOutOfBoundsException'{0x00000000d57f7f08}> (0x00000000d57f7f08) 
thrown [s\src\hotspot\share\runtime\sharedRuntime.cpp, line 625]
Event: 2835.384 Thread 0x0000021424bfd720 Exception <a 'java/lang/ArrayIndexOutOfBoundsException'{0x00000000d57f8530}> (0x00000000d57f8530) 
thrown [s\src\hotspot\share\runtime\sharedRuntime.cpp, line 625]
Event: 2835.384 Thread 0x0000021424bfd720 Exception <a 'java/lang/ArrayIndexOutOfBoundsException'{0x00000000d57f8b00}> (0x00000000d57f8b00) 
thrown [s\src\hotspot\share\runtime\sharedRuntime.cpp, line 625]
Event: 2836.468 Thread 0x000002141c978680 Exception <a 'sun/nio/fs/WindowsException'{0x00000000d578dda8}> (0x00000000d578dda8) 
thrown [s\src\hotspot\share\prims\jni.cpp, line 520]
Event: 2836.602 Thread 0x000002141c978680 Exception <a 'sun/nio/fs/WindowsException'{0x00000000d55da7a8}> (0x00000000d55da7a8) 
thrown [s\src\hotspot\share\prims\jni.cpp, line 520]
Event: 2838.417 Thread 0x000002141c978680 Exception <a 'sun/nio/fs/WindowsException'{0x00000000d5593448}> (0x00000000d5593448) 
thrown [s\src\hotspot\share\prims\jni.cpp, line 520]
Event: 2838.489 Thread 0x000002141c978680 Exception <a 'sun/nio/fs/WindowsException'{0x00000000d57f0990}> (0x00000000d57f0990) 
thrown [s\src\hotspot\share\prims\jni.cpp, line 520]
Event: 3040.677 Thread 0x0000021424bfc370 Exception <a 'java/lang/ArrayIndexOutOfBoundsException'{0x00000000d594b338}> (0x00000000d594b338) 
thrown [s\src\hotspot\share\runtime\sharedRuntime.cpp, line 625]
Event: 3040.677 Thread 0x0000021424bfc370 Exception <a 'java/lang/ArrayIndexOutOfBoundsException'{0x00000000d594b960}> (0x00000000d594b960) 
thrown [s\src\hotspot\share\runtime\sharedRuntime.cpp, line 625]
Event: 3040.678 Thread 0x0000021424bfc370 Exception <a 'java/lang/ArrayIndexOutOfBoundsException'{0x00000000d594bcd8}> (0x00000000d594bcd8) 
thrown [s\src\hotspot\share\runtime\sharedRuntime.cpp, line 625]
Event: 3040.798 Thread 0x000002141c978680 Exception <a 'sun/nio/fs/WindowsException'{0x00000000d55a5178}> (0x00000000d55a5178) 
thrown [s\src\hotspot\share\prims\jni.cpp, line 520]
Event: 3040.909 Thread 0x0000021424bfc370 Exception <a 'java/lang/ArrayIndexOutOfBoundsException'{0x00000000d57077f0}> (0x00000000d57077f0) 
thrown [s\src\hotspot\share\runtime\sharedRuntime.cpp, line 625]
Event: 3040.909 Thread 0x0000021424bfc370 Exception <a 'java/lang/ArrayIndexOutOfBoundsException'{0x00000000d5707e18}> (0x00000000d5707e18) 
thrown [s\src\hotspot\share\runtime\sharedRuntime.cpp, line 625]
Event: 3040.909 Thread 0x0000021424bfc370 Exception <a 'java/lang/ArrayIndexOutOfBoundsException'{0x00000000d5740cd0}> (0x00000000d5740cd0) 
thrown [s\src\hotspot\share\runtime\sharedRuntime.cpp, line 625]
Event: 3040.963 Thread 0x000002141c978680 Exception <a 'sun/nio/fs/WindowsException'{0x00000000d575aca8}> (0x00000000d575aca8) 
thrown [s\src\hotspot\share\prims\jni.cpp, line 520]
Event: 3044.119 Thread 0x000002141c978680 Exception <a 'sun/nio/fs/WindowsException'{0x00000000d571f528}> (0x00000000d571f528) 
thrown [s\src\hotspot\share\prims\jni.cpp, line 520]

ZGC Phase Switch (0 events):
No events

VM Operations (20 events):
Event: 3042.885 Executing VM operation: ParallelGCFailedAllocation (Allocation Failure)
Event: 3042.889 Executing VM operation: ParallelGCFailedAllocation (Allocation Failure) done
Event: 3043.899 Executing VM operation: Cleanup
Event: 3043.900 Executing VM operation: Cleanup done
Event: 3043.900 Executing VM operation: ParallelGCFailedAllocation (Allocation Failure)
Event: 3043.902 Executing VM operation: ParallelGCFailedAllocation (Allocation Failure) done
Event: 3044.913 Executing VM operation: Cleanup
Event: 3045.134 Executing VM operation: Cleanup done
Event: 3045.135 Executing VM operation: ParallelGCFailedAllocation (Allocation Failure)
Event: 3045.137 Executing VM operation: ParallelGCFailedAllocation (Allocation Failure) done
Event: 3045.142 Executing VM operation: ParallelGCFailedAllocation (Allocation Failure)
Event: 3046.144 Executing VM operation: ParallelGCFailedAllocation (Allocation Failure) done
Event: 3046.156 Executing VM operation: ParallelGCFailedAllocation (Allocation Failure)
Event: 3046.259 Executing VM operation: ParallelGCFailedAllocation (Allocation Failure) done
Event: 3046.262 Executing VM operation: ParallelGCFailedAllocation (Allocation Failure)
Event: 3046.269 Executing VM operation: ParallelGCFailedAllocation (Allocation Failure) done
Event: 3046.289 Executing VM operation: ParallelGCFailedAllocation (Allocation Failure)
Event: 3049.310 Executing VM operation: ParallelGCFailedAllocation (Allocation Failure) done
Event: 3049.355 Executing VM operation: ParallelGCFailedAllocation (Allocation Failure)
Event: 3050.360 Executing VM operation: ParallelGCFailedAllocation (Allocation Failure) done

Memory protections (0 events):
No events

Nmethod flushes (20 events):
Event: 2411.444 Thread 0x00000213c2fee9c0 flushing  nmethod 0x00000213c7a02710
Event: 2411.444 Thread 0x00000213c2fee9c0 flushing  nmethod 0x00000213c7a0af90
Event: 2411.444 Thread 0x00000213c2fee9c0 flushing  nmethod 0x00000213c7a4a290
Event: 2411.444 Thread 0x00000213c2fee9c0 flushing  nmethod 0x00000213c7a4a990
Event: 2411.444 Thread 0x00000213c2fee9c0 flushing  nmethod 0x00000213c7a51710
Event: 2411.444 Thread 0x00000213c2fee9c0 flushing  nmethod 0x00000213c7bb6990
Event: 2411.444 Thread 0x00000213c2fee9c0 flushing  nmethod 0x00000213c7bc7610
Event: 2411.444 Thread 0x00000213c2fee9c0 flushing  nmethod 0x00000213c7c46190
Event: 2411.444 Thread 0x00000213c2fee9c0 flushing  nmethod 0x00000213c7c84e90
Event: 2411.444 Thread 0x00000213c2fee9c0 flushing  nmethod 0x00000213c7d15a10
Event: 2411.444 Thread 0x00000213c2fee9c0 flushing  nmethod 0x00000213c7d70210
Event: 2411.444 Thread 0x00000213c2fee9c0 flushing  nmethod 0x00000213c7db8b90
Event: 2411.444 Thread 0x00000213c2fee9c0 flushing  nmethod 0x00000213c7ec8310
Event: 2411.444 Thread 0x00000213c2fee9c0 flushing  nmethod 0x00000213c7ecb510
Event: 2411.444 Thread 0x00000213c2fee9c0 flushing  nmethod 0x00000213c7ee5310
Event: 2411.444 Thread 0x00000213c2fee9c0 flushing  nmethod 0x00000213c7ee6010
Event: 2411.444 Thread 0x00000213c2fee9c0 flushing  nmethod 0x00000213c7ef0910
Event: 2411.444 Thread 0x00000213c2fee9c0 flushing  nmethod 0x00000213c7f0fe10
Event: 2411.444 Thread 0x00000213c2fee9c0 flushing  nmethod 0x00000213c7f1da10
Event: 2411.444 Thread 0x00000213c2fee9c0 flushing  nmethod 0x00000213c7f8b590

Events (20 events):
Event: 3015.123 Thread 0x0000021424640b80 Thread added: 0x0000021424641210
Event: 3015.139 Thread 0x0000021424641210 Thread exited: 0x0000021424641210
Event: 3015.143 Thread 0x0000021424640b80 Thread added: 0x0000021424642c50
Event: 3015.145 Thread 0x0000021424642c50 Thread added: 0x0000021424641210
Event: 3015.145 Thread 0x0000021424642c50 Thread added: 0x0000021424641f30
Event: 3015.146 Thread 0x0000021424641f30 Thread exited: 0x0000021424641f30
Event: 3015.146 Thread 0x0000021424641210 Thread exited: 0x0000021424641210
Event: 3015.146 Thread 0x0000021424642c50 Thread exited: 0x0000021424642c50
Event: 3015.292 Thread 0x0000021424640b80 Thread added: 0x0000021424641210
Event: 3017.202 Thread 0x0000021424c00510 Thread exited: 0x0000021424c00510
Event: 3022.498 Thread 0x0000021424c00ba0 Thread exited: 0x0000021424c00ba0
Event: 3025.924 Thread 0x00000214246432e0 Thread exited: 0x00000214246432e0
Event: 3027.518 Thread 0x0000021424643970 Thread exited: 0x0000021424643970
Event: 3035.232 Thread 0x0000021424c018c0 Thread exited: 0x0000021424c018c0
Event: 3039.369 Thread 0x0000021424640b80 Thread added: 0x0000021424641f30
Event: 3040.684 Thread 0x0000021424bff160 Thread added: 0x00000214246432e0
Event: 3040.685 Thread 0x00000214246425c0 Thread added: 0x00000214246460d0
Event: 3040.854 Thread 0x0000021424640b80 Thread added: 0x0000021424642c50
Event: 3040.925 Thread 0x0000021424640b80 Thread added: 0x0000021424643970
Event: 3046.251 Thread 0x0000021424640b80 Thread added: 0x0000021424644d20


Dynamic libraries:
0x00007ff7f8e00000 - 0x00007ff7f8e0e000 	c:\Users\nalla\.vscode\extensions\redhat.java-1.50.0-win32-x64\jre\21.0.9-win32-x86_64\bin\java.exe
0x00007ffe3fe20000 - 0x00007ffe40087000 	C:\WINDOWS\SYSTEM32\ntdll.dll
0x00007ffe3eb40000 - 0x00007ffe3ec09000 	C:\WINDOWS\System32\KERNEL32.DLL
0x00007ffe3d590000 - 0x00007ffe3d97f000 	C:\WINDOWS\System32\KERNELBASE.dll
0x00007ffe3da70000 - 0x00007ffe3dbbb000 	C:\WINDOWS\System32\ucrtbase.dll
0x00007ffe2dec0000 - 0x00007ffe2ded8000 	c:\Users\nalla\.vscode\extensions\redhat.java-1.50.0-win32-x64\jre\21.0.9-win32-x86_64\bin\jli.dll
0x00007ffe3ec10000 - 0x00007ffe3edd5000 	C:\WINDOWS\System32\USER32.dll
0x00007ffe36db0000 - 0x00007ffe36dce000 	c:\Users\nalla\.vscode\extensions\redhat.java-1.50.0-win32-x64\jre\21.0.9-win32-x86_64\bin\VCRUNTIME140.dll
0x00007ffe3da40000 - 0x00007ffe3da67000 	C:\WINDOWS\System32\win32u.dll
0x00007ffe3e4a0000 - 0x00007ffe3e4cb000 	C:\WINDOWS\System32\GDI32.dll
0x00007ffe22b70000 - 0x00007ffe22e03000 	C:\WINDOWS\WinSxS\amd64_microsoft.windows.common-controls_6595b64144ccf1df_6.0.26100.7309_none_3e05feeae336a044\COMCTL32.dll
0x00007ffe3d260000 - 0x00007ffe3d38c000 	C:\WINDOWS\System32\gdi32full.dll
0x00007ffe3edf0000 - 0x00007ffe3ee99000 	C:\WINDOWS\System32\msvcrt.dll
0x00007ffe3d990000 - 0x00007ffe3da33000 	C:\WINDOWS\System32\msvcp_win.dll
0x00007ffe3f900000 - 0x00007ffe3f931000 	C:\WINDOWS\System32\IMM32.DLL
0x00007ffe39b80000 - 0x00007ffe39b8c000 	c:\Users\nalla\.vscode\extensions\redhat.java-1.50.0-win32-x64\jre\21.0.9-win32-x86_64\bin\vcruntime140_1.dll
0x00007ffdf1450000 - 0x00007ffdf14dd000 	c:\Users\nalla\.vscode\extensions\redhat.java-1.50.0-win32-x64\jre\21.0.9-win32-x86_64\bin\msvcp140.dll
0x00007ffd82350000 - 0x00007ffd830f0000 	c:\Users\nalla\.vscode\extensions\redhat.java-1.50.0-win32-x64\jre\21.0.9-win32-x86_64\bin\server\jvm.dll
0x00007ffe3e9f0000 - 0x00007ffe3eaa4000 	C:\WINDOWS\System32\ADVAPI32.dll
0x00007ffe3e3a0000 - 0x00007ffe3e446000 	C:\WINDOWS\System32\sechost.dll
0x00007ffe3fcc0000 - 0x00007ffe3fdd8000 	C:\WINDOWS\System32\RPCRT4.dll
0x00007ffe3df50000 - 0x00007ffe3dfc4000 	C:\WINDOWS\System32\WS2_32.dll
0x00007ffe3cdd0000 - 0x00007ffe3ce2e000 	C:\WINDOWS\SYSTEM32\POWRPROF.dll
0x00007ffe34f70000 - 0x00007ffe34fa5000 	C:\WINDOWS\SYSTEM32\WINMM.dll
0x00007ffe2c7e0000 - 0x00007ffe2c7eb000 	C:\WINDOWS\SYSTEM32\VERSION.dll
0x00007ffe3cdb0000 - 0x00007ffe3cdc4000 	C:\WINDOWS\SYSTEM32\UMPDC.dll
0x00007ffe3bd20000 - 0x00007ffe3bd3b000 	C:\WINDOWS\SYSTEM32\kernel.appcore.dll
0x00007ffe37d80000 - 0x00007ffe37d8a000 	c:\Users\nalla\.vscode\extensions\redhat.java-1.50.0-win32-x64\jre\21.0.9-win32-x86_64\bin\jimage.dll
0x00007ffe3a5a0000 - 0x00007ffe3a7e2000 	C:\WINDOWS\SYSTEM32\DBGHELP.DLL
0x00007ffe3dbc0000 - 0x00007ffe3df45000 	C:\WINDOWS\System32\combase.dll
0x00007ffe3e2c0000 - 0x00007ffe3e396000 	C:\WINDOWS\System32\OLEAUT32.dll
0x00007ffe20a80000 - 0x00007ffe20abc000 	C:\WINDOWS\SYSTEM32\dbgcore.DLL
0x00007ffe3d1b0000 - 0x00007ffe3d255000 	C:\WINDOWS\System32\bcryptPrimitives.dll
0x00007ffe37250000 - 0x00007ffe3725f000 	c:\Users\nalla\.vscode\extensions\redhat.java-1.50.0-win32-x64\jre\21.0.9-win32-x86_64\bin\instrument.dll
0x00007ffe2d6c0000 - 0x00007ffe2d6e0000 	c:\Users\nalla\.vscode\extensions\redhat.java-1.50.0-win32-x64\jre\21.0.9-win32-x86_64\bin\java.dll
0x00007ffe3eea0000 - 0x00007ffe3f5f3000 	C:\WINDOWS\System32\SHELL32.dll
0x00007ffe3d390000 - 0x00007ffe3d4fa000 	C:\WINDOWS\System32\wintypes.dll
0x00007ffe3ab40000 - 0x00007ffe3b39e000 	C:\WINDOWS\SYSTEM32\windows.storage.dll
0x00007ffe3f600000 - 0x00007ffe3f6f5000 	C:\WINDOWS\System32\SHCORE.dll
0x00007ffe3faa0000 - 0x00007ffe3fb06000 	C:\WINDOWS\System32\shlwapi.dll
0x00007ffe3ce90000 - 0x00007ffe3ceb9000 	C:\WINDOWS\SYSTEM32\profapi.dll
0x00007ffe2d630000 - 0x00007ffe2d648000 	c:\Users\nalla\.vscode\extensions\redhat.java-1.50.0-win32-x64\jre\21.0.9-win32-x86_64\bin\zip.dll
0x00007ffe37240000 - 0x00007ffe37250000 	C:\Users\nalla\.vscode\extensions\redhat.java-1.50.0-win32-x64\jre\21.0.9-win32-x86_64\bin\net.dll
0x00007ffe34b90000 - 0x00007ffe34cb8000 	C:\WINDOWS\SYSTEM32\WINHTTP.dll
0x00007ffe3c290000 - 0x00007ffe3c2fb000 	C:\WINDOWS\system32\mswsock.dll
0x00007ffe258a0000 - 0x00007ffe258b6000 	C:\Users\nalla\.vscode\extensions\redhat.java-1.50.0-win32-x64\jre\21.0.9-win32-x86_64\bin\nio.dll
0x00007ffe2e180000 - 0x00007ffe2e190000 	c:\Users\nalla\.vscode\extensions\redhat.java-1.50.0-win32-x64\jre\21.0.9-win32-x86_64\bin\verify.dll
0x00007ffe0a010000 - 0x00007ffe0a054000 	C:\Users\nalla\AppData\Roaming\Code\User\globalStorage\redhat.java\1.50.0\config_win\org.eclipse.equinox.launcher\org.eclipse.equinox.launcher.win32.win32.x86_64_1.2.1400.v20250801-0854\eclipse_11916.dll
0x00007ffe3e060000 - 0x00007ffe3e1f7000 	C:\WINDOWS\System32\ole32.dll
0x00007ffe3c550000 - 0x00007ffe3c56b000 	C:\WINDOWS\SYSTEM32\CRYPTSP.dll
0x00007ffe3bc80000 - 0x00007ffe3bcba000 	C:\WINDOWS\system32\rsaenh.dll
0x00007ffe3c340000 - 0x00007ffe3c36b000 	C:\WINDOWS\SYSTEM32\USERENV.dll
0x00007ffe3ce60000 - 0x00007ffe3ce8a000 	C:\WINDOWS\SYSTEM32\bcrypt.dll
0x00007ffe3c570000 - 0x00007ffe3c57c000 	C:\WINDOWS\SYSTEM32\CRYPTBASE.dll
0x00007ffe3b6f0000 - 0x00007ffe3b724000 	C:\WINDOWS\SYSTEM32\IPHLPAPI.DLL
0x00007ffe3e9e0000 - 0x00007ffe3e9ea000 	C:\WINDOWS\System32\NSI.dll
0x00007ffe01960000 - 0x00007ffe019a9000 	C:\Users\nalla\AppData\Local\Temp\jna-104584270\jna16332011411348531881.dll
0x00007ffe3dfd0000 - 0x00007ffe3dfd8000 	C:\WINDOWS\System32\PSAPI.DLL
0x00007ffe36bc0000 - 0x00007ffe36bde000 	C:\WINDOWS\SYSTEM32\dhcpcsvc6.DLL
0x00007ffe36b90000 - 0x00007ffe36bb3000 	C:\WINDOWS\SYSTEM32\dhcpcsvc.DLL
0x00007ffe2bb40000 - 0x00007ffe2bb4e000 	C:\Users\nalla\.vscode\extensions\redhat.java-1.50.0-win32-x64\jre\21.0.9-win32-x86_64\bin\sunmscapi.dll
0x00007ffe3cf70000 - 0x00007ffe3d0e7000 	C:\WINDOWS\System32\CRYPT32.dll
0x00007ffe3c770000 - 0x00007ffe3c7a0000 	C:\WINDOWS\SYSTEM32\ncrypt.dll
0x00007ffe3c720000 - 0x00007ffe3c75f000 	C:\WINDOWS\SYSTEM32\NTASN1.dll
0x00007ffe3b730000 - 0x00007ffe3b85c000 	C:\WINDOWS\SYSTEM32\DNSAPI.dll
0x00007ffe2e200000 - 0x00007ffe2e20b000 	C:\Windows\System32\rasadhlp.dll
0x00007ffe36dd0000 - 0x00007ffe36e56000 	C:\WINDOWS\System32\fwpuclnt.dll
0x00007ffe28880000 - 0x00007ffe28889000 	C:\Users\nalla\.vscode\extensions\redhat.java-1.50.0-win32-x64\jre\21.0.9-win32-x86_64\bin\extnet.dll

JVMTI agents:
c:\Users\nalla\.vscode\extensions\redhat.java-1.50.0-win32-x64\lombok\lombok-1.18.39-4050.jar path:c:\Users\nalla\.vscode\extensions\redhat.java-1.50.0-win32-x64\jre\21.0.9-win32-x86_64\bin\instrument.dll, loaded, initialized, instrumentlib options:none

dbghelp: loaded successfully - version: 4.0.5 - missing functions: none
symbol engine: initialized successfully - sym options: 0x614 - pdb path: .;c:\Users\nalla\.vscode\extensions\redhat.java-1.50.0-win32-x64\jre\21.0.9-win32-x86_64\bin;C:\WINDOWS\SYSTEM32;C:\WINDOWS\WinSxS\amd64_microsoft.windows.common-controls_6595b64144ccf1df_6.0.26100.7309_none_3e05feeae336a044;c:\Users\nalla\.vscode\extensions\redhat.java-1.50.0-win32-x64\jre\21.0.9-win32-x86_64\bin\server;C:\Users\nalla\AppData\Roaming\Code\User\globalStorage\redhat.java\1.50.0\config_win\org.eclipse.equinox.launcher\org.eclipse.equinox.launcher.win32.win32.x86_64_1.2.1400.v20250801-0854;C:\Users\nalla\AppData\Local\Temp\jna-104584270

VM Arguments:
jvm_args: --add-modules=ALL-SYSTEM --add-opens=java.base/java.util=ALL-UNNAMED --add-opens=java.base/java.lang=ALL-UNNAMED --add-opens=java.base/sun.nio.fs=ALL-UNNAMED -Declipse.application=org.eclipse.jdt.ls.core.id1 -Dosgi.bundles.defaultStartLevel=4 -Declipse.product=org.eclipse.jdt.ls.core.product -Djava.import.generatesMetadataFilesAtProjectRoot=false -DDetectVMInstallationsJob.disabled=true -Dfile.encoding=utf8 -XX:+UseParallelGC -XX:GCTimeRatio=4 -XX:AdaptiveSizePolicyWeight=90 -Dsun.zip.disableMemoryMapping=true -Xmx2G -Xms100m -Xlog:disable -javaagent:c:\Users\nalla\.vscode\extensions\redhat.java-1.50.0-win32-x64\lombok\lombok-1.18.39-4050.jar -XX:+HeapDumpOnOutOfMemoryError -XX:HeapDumpPath=c:\Users\nalla\AppData\Roaming\Code\User\workspaceStorage\b890ca3a96134e0cfca389276a0e271c\redhat.java -Daether.dependencyCollector.impl=bf 
java_command: c:\Users\nalla\.vscode\extensions\redhat.java-1.50.0-win32-x64\server\plugins\org.eclipse.equinox.launcher_1.7.100.v20251111-0406.jar -configuration c:\Users\nalla\AppData\Roaming\Code\User\globalStorage\redhat.java\1.50.0\config_win -data c:\Users\nalla\AppData\Roaming\Code\User\workspaceStorage\b890ca3a96134e0cfca389276a0e271c\redhat.java\jdt_ws --pipe=\\.\pipe\lsp-c25921bea67146a3979c57802039178d-sock
java_class_path (initial): c:\Users\nalla\.vscode\extensions\redhat.java-1.50.0-win32-x64\server\plugins\org.eclipse.equinox.launcher_1.7.100.v20251111-0406.jar
Launcher Type: SUN_STANDARD

[Global flags]
    uintx AdaptiveSizePolicyWeight                 = 90                                        {product} {command line}
     intx CICompilerCount                          = 4                                         {product} {ergonomic}
    uintx GCTimeRatio                              = 4                                         {product} {command line}
     bool HeapDumpOnOutOfMemoryError               = true                                   {manageable} {command line}
    ccstr HeapDumpPath                             = c:\Users\nalla\AppData\Roaming\Code\User\workspaceStorage\b890ca3a96134e0cfca389276a0e271c\redhat.java         {manageable} {command line}
   size_t InitialHeapSize                          = 104857600                                 {product} {command line}
   size_t MaxHeapSize                              = 2147483648                                {product} {command line}
   size_t MaxNewSize                               = 715653120                                 {product} {ergonomic}
   size_t MinHeapDeltaBytes                        = 524288                                    {product} {ergonomic}
   size_t MinHeapSize                              = 104857600                                 {product} {command line}
   size_t NewSize                                  = 34603008                                  {product} {ergonomic}
    uintx NonNMethodCodeHeapSize                   = 5839372                                {pd product} {ergonomic}
    uintx NonProfiledCodeHeapSize                  = 122909434                              {pd product} {ergonomic}
   size_t OldSize                                  = 70254592                                  {product} {ergonomic}
    uintx ProfiledCodeHeapSize                     = 122909434                              {pd product} {ergonomic}
    uintx ReservedCodeCacheSize                    = 251658240                              {pd product} {ergonomic}
     bool SegmentedCodeCache                       = true                                      {product} {ergonomic}
   size_t SoftMaxHeapSize                          = 2147483648                             {manageable} {ergonomic}
     bool UseCompressedOops                        = true                           {product lp64_product} {ergonomic}
     bool UseLargePagesIndividualAllocation        = false                                  {pd product} {ergonomic}
     bool UseParallelGC                            = true                                      {product} {command line}

Logging:
Log output configuration:
 #0: stdout all=off uptime,level,tags foldmultilines=false
 #1: stderr all=off uptime,level,tags foldmultilines=false

Release file:
JAVA_VERSION="21.0.9" 
MODULES="java.base java.compiler java.datatransfer java.xml java.prefs java.desktop java.instrument java.logging java.management java.security.sasl java.naming java.rmi java.management.rmi java.net.http java.scripting java.security.jgss java.transaction.xa java.sql java.sql.rowset java.xml.crypto java.se java.smartcardio jdk.accessibility jdk.internal.jvmstat jdk.attach jdk.charsets jdk.internal.opt jdk.zipfs jdk.compiler jdk.crypto.ec jdk.crypto.cryptoki jdk.crypto.mscapi jdk.dynalink jdk.internal.ed jdk.editpad jdk.hotspot.agent jdk.httpserver jdk.internal.le jdk.internal.vm.ci jdk.internal.vm.compiler jdk.internal.vm.compiler.management jdk.jartool jdk.javadoc jdk.jcmd jdk.management jdk.management.agent jdk.jconsole jdk.jdeps jdk.jdwp.agent jdk.jdi jdk.jfr jdk.jshell jdk.jsobject jdk.jstatd jdk.localedata jdk.management.jfr jdk.naming.dns jdk.naming.rmi jdk.net jdk.nio.mapmode jdk.random jdk.sctp jdk.security.auth jdk.security.jgss jdk.unsupported jdk.unsupported.desktop jdk.xml.dom" 

Environment Variables:
JAVA_HOME=C:\Program Files\Java\jdk-22
PATH=C:\Program Files\Common Files\Oracle\Java\javapath;C:\app\nalla\product\21c\dbhomeXE\bin;C:\Program Files (x86)\Common Files\Oracle\Java\javapath;C:\WINDOWS\system32;C:\WINDOWS;C:\WINDOWS\System32\Wbem;C:\WINDOWS\System32\WindowsPowerShell\v1.0\;C:\WINDOWS\System32\OpenSSH\;C:\Program Files\dotnet\;D:\nodejs\New Folder\;C:\Program Files\Java\jdk1.8.0_281\bin;C:\ProgramData\chocolatey\bin;C:\Program Files\Java\jdk-22\bin;C:\Program Files\Git\cmd;C:\Program Files (x86)\Microsoft SQL Server\160\Tools\Binn\;C:\Program Files\Microsoft SQL Server\160\Tools\Binn\;C:\Program Files\Microsoft SQL Server\Client SDK\ODBC\170\Tools\Binn\;C:\Program Files\Microsoft SQL Server\160\DTS\Binn\;C:\Program Files\PowerShell\7\;C:\Program Files\MySQL\MySQL Shell 8.0\bin\;C:\Users\nalla\AppData\Roaming\npm;D:\Microsoft VS Code\bin;C:\Users\nalla\AppData\Local\Microsoft\WindowsApps;C:\Users\nalla\Downloads\apache-maven-3.9.5-src\apache-maven-3.9.5\apache-maven\src\bin;C:\Users\nalla\AppData\Local\Programs\mongosh\;C:\Program Files\MongoDB\Server\7.0\bin;C:\Users\nalla\AppData\Local\Programs\Python\Python310;
USERNAME=nalla
OS=Windows_NT
PROCESSOR_IDENTIFIER=Intel64 Family 6 Model 140 Stepping 1, GenuineIntel
TMP=C:\Users\nalla\AppData\Local\Temp
TEMP=C:\Users\nalla\AppData\Local\Temp




Periodic native trim disabled

---------------  S Y S T E M  ---------------

OS:
 Windows 11 , 64 bit Build 26100 (10.0.26100.7309)
OS uptime: 10 days 21:46 hours
Hyper-V role detected

CPU: total 8 (initial active 8) (4 cores per cpu, 2 threads per core) family 6 model 140 stepping 1 microcode 0xbc, cx8, cmov, fxsr, ht, mmx, 3dnowpref, sse, sse2, sse3, ssse3, sse4.1, sse4.2, popcnt, lzcnt, tsc, tscinvbit, avx, avx2, aes, erms, clmul, bmi1, bmi2, adx, avx512f, avx512dq, avx512cd, avx512bw, avx512vl, sha, fma, vzeroupper, avx512_vpopcntdq, avx512_vpclmulqdq, avx512_vaes, avx512_vnni, clflush, clflushopt, clwb, avx512_vbmi2, avx512_vbmi, hv, rdtscp, rdpid, fsrm, gfni, avx512_bitalg, f16c, cet_ibt, cet_ss, avx512_ifma
Processor Information for the first 8 processors :
  Max Mhz: 2419, Current Mhz: 2419, Mhz Limit: 2419

Memory: 4k page, system-wide physical 7926M (544M free)
TotalPageFile size 32502M (AvailPageFile size 3M)
current process WorkingSet (physical memory assigned to process): 537M, peak: 1112M
current process commit charge ("private bytes"): 904M, peak: 1705M

vm_info: OpenJDK 64-Bit Server VM (21.0.9+10-LTS) for windows-amd64 JRE (21.0.9+10-LTS), built on 2025-10-21T00:00:00Z by "admin" with unknown MS VC++:1942

END.
